<?xml version="1.0" encoding="UTF-8"?>
<testng-results ignored="0" total="1" passed="1" failed="0" skipped="0">
  <reporter-output>
  </reporter-output>
  <suite started-at="2026-06-16T16:13:25 IST" name="Default suite" finished-at="2026-06-16T16:13:44 IST" duration-ms="18952">
    <groups>
    </groups>
    <test started-at="2026-06-16T16:13:25 IST" name="Default test" finished-at="2026-06-16T16:13:44 IST" duration-ms="18952">
      <class name="QATest.Interview.TenForceTest">
        <test-method is-config="true" signature="setup()[pri:0, instance:QATest.Interview.TenForceTest@3b69e7d1]" started-at="2026-06-16T16:13:25 IST" name="setup" finished-at="2026-06-16T16:13:35 IST" duration-ms="9888" status="PASS">
          <reporter-output>
          </reporter-output>
        </test-method> <!-- setup -->
        <test-method signature="careerFlowTest()[pri:0, instance:QATest.Interview.TenForceTest@3b69e7d1]" started-at="2026-06-16T16:13:35 IST" name="careerFlowTest" finished-at="2026-06-16T16:13:43 IST" duration-ms="8703" status="PASS">
          <reporter-output>
          </reporter-output>
        </test-method> <!-- careerFlowTest -->
        <test-method is-config="true" signature="tearDown()[pri:0, instance:QATest.Interview.TenForceTest@3b69e7d1]" started-at="2026-06-16T16:13:43 IST" name="tearDown" finished-at="2026-06-16T16:13:44 IST" duration-ms="298" status="PASS">
          <reporter-output>
          </reporter-output>
        </test-method> <!-- tearDown -->
      </class> <!-- QATest.Interview.TenForceTest -->
    </test> <!-- Default test -->
  </suite> <!-- Default suite -->
</testng-results>
